2020-07-22 11:16:52.171 [Dunelr-netty-server-9] WARN  io.netty.channel.DefaultChannelPipeline - An exceptionCaught() event was fired, and it reached at the tail of the pipeline. It usually means the last handler in the pipeline did not handle the exception.
io.netty.handler.codec.http.websocketx.CorruptedWebSocketFrameException: received a frame that is not masked as expected
	at io.netty.handler.codec.http.websocketx.WebSocket08FrameDecoder.protocolViolation(WebSocket08FrameDecoder.java:426) ~[netty-all-4.1.50.Final.jar:4.1.50.Final]
	at io.netty.handler.codec.http.websocketx.WebSocket08FrameDecoder.protocolViolation(WebSocket08FrameDecoder.java:422) ~[netty-all-4.1.50.Final.jar:4.1.50.Final]
	at io.netty.handler.codec.http.websocketx.WebSocket08FrameDecoder.decode(WebSocket08FrameDecoder.java:202) ~[netty-all-4.1.50.Final.jar:4.1.50.Final]
	at io.netty.handler.codec.ByteToMessageDecoder.decodeRemovalReentryProtection(ByteToMessageDecoder.java:501) ~[netty-all-4.1.50.Final.jar:4.1.50.Final]
	at io.netty.handler.codec.ByteToMessageDecoder.callDecode(ByteToMessageDecoder.java:440) ~[netty-all-4.1.50.Final.jar:4.1.50.Final]
	at io.netty.handler.codec.ByteToMessageDecoder.channelRead(ByteToMessageDecoder.java:276) ~[netty-all-4.1.50.Final.jar:4.1.50.Final]
	at io.netty.channel.AbstractChannelHandlerContext.invokeChannelRead(AbstractChannelHandlerContext.java:379) [netty-all-4.1.50.Final.jar:4.1.50.Final]
	at io.netty.channel.AbstractChannelHandlerContext.invokeChannelRead(AbstractChannelHandlerContext.java:365) [netty-all-4.1.50.Final.jar:4.1.50.Final]
	at io.netty.channel.AbstractChannelHandlerContext.fireChannelRead(AbstractChannelHandlerContext.java:357) [netty-all-4.1.50.Final.jar:4.1.50.Final]
	at io.netty.channel.DefaultChannelPipeline$HeadContext.channelRead(DefaultChannelPipeline.java:1410) [netty-all-4.1.50.Final.jar:4.1.50.Final]
	at io.netty.channel.AbstractChannelHandlerContext.invokeChannelRead(AbstractChannelHandlerContext.java:379) [netty-all-4.1.50.Final.jar:4.1.50.Final]
	at io.netty.channel.AbstractChannelHandlerContext.invokeChannelRead(AbstractChannelHandlerContext.java:365) [netty-all-4.1.50.Final.jar:4.1.50.Final]
	at io.netty.channel.DefaultChannelPipeline.fireChannelRead(DefaultChannelPipeline.java:919) [netty-all-4.1.50.Final.jar:4.1.50.Final]
	at io.netty.channel.nio.AbstractNioByteChannel$NioByteUnsafe.read(AbstractNioByteChannel.java:163) [netty-all-4.1.50.Final.jar:4.1.50.Final]
	at io.netty.channel.nio.NioEventLoop.processSelectedKey(NioEventLoop.java:714) [netty-all-4.1.50.Final.jar:4.1.50.Final]
	at io.netty.channel.nio.NioEventLoop.processSelectedKeysOptimized(NioEventLoop.java:650) [netty-all-4.1.50.Final.jar:4.1.50.Final]
	at io.netty.channel.nio.NioEventLoop.processSelectedKeys(NioEventLoop.java:576) [netty-all-4.1.50.Final.jar:4.1.50.Final]
	at io.netty.channel.nio.NioEventLoop.run(NioEventLoop.java:493) [netty-all-4.1.50.Final.jar:4.1.50.Final]
	at io.netty.util.concurrent.SingleThreadEventExecutor$4.run(SingleThreadEventExecutor.java:989) [netty-all-4.1.50.Final.jar:4.1.50.Final]
	at io.netty.util.internal.ThreadExecutorMap$2.run(ThreadExecutorMap.java:74) [netty-all-4.1.50.Final.jar:4.1.50.Final]
	at java.lang.Thread.run(Thread.java:748) [?:1.8.0_251]
