2020-07-21 17:26:06.466 [nioEventLoopGroup-2-1] WARN  io.netty.channel.DefaultChannelPipeline - An exceptionCaught() event was fired, and it reached at the tail of the pipeline. It usually means the last handler in the pipeline did not handle the exception.
java.lang.NullPointerException: value
	at io.netty.util.internal.ObjectUtil.checkNotNull(ObjectUtil.java:33) ~[netty-all-4.1.50.Final.jar:4.1.50.Final]
	at io.netty.handler.codec.DefaultHeaders.setObject(DefaultHeaders.java:479) ~[netty-all-4.1.50.Final.jar:4.1.50.Final]
	at io.netty.handler.codec.http.DefaultHttpHeaders.set(DefaultHttpHeaders.java:183) ~[netty-all-4.1.50.Final.jar:4.1.50.Final]
	at io.netty.handler.codec.http.websocketx.WebSocketClientHandshaker13.newHandshakeRequest(WebSocketClientHandshaker13.java:228) ~[netty-all-4.1.50.Final.jar:4.1.50.Final]
	at io.netty.handler.codec.http.websocketx.WebSocketClientHandshaker.handshake(WebSocketClientHandshaker.java:261) ~[netty-all-4.1.50.Final.jar:4.1.50.Final]
	at io.netty.handler.codec.http.websocketx.WebSocketClientHandshaker.handshake(WebSocketClientHandshaker.java:238) ~[netty-all-4.1.50.Final.jar:4.1.50.Final]
	at io.netty.handler.codec.http.websocketx.WebSocketClientProtocolHandshakeHandler.channelActive(WebSocketClientProtocolHandshakeHandler.java:58) ~[netty-all-4.1.50.Final.jar:4.1.50.Final]
	at io.netty.channel.AbstractChannelHandlerContext.invokeChannelActive(AbstractChannelHandlerContext.java:230) [netty-all-4.1.50.Final.jar:4.1.50.Final]
	at io.netty.channel.AbstractChannelHandlerContext.invokeChannelActive(AbstractChannelHandlerContext.java:216) [netty-all-4.1.50.Final.jar:4.1.50.Final]
	at io.netty.channel.AbstractChannelHandlerContext.fireChannelActive(AbstractChannelHandlerContext.java:209) [netty-all-4.1.50.Final.jar:4.1.50.Final]
	at io.netty.channel.CombinedChannelDuplexHandler$DelegatingChannelHandlerContext.fireChannelActive(CombinedChannelDuplexHandler.java:412) [netty-all-4.1.50.Final.jar:4.1.50.Final]
	at io.netty.channel.ChannelInboundHandlerAdapter.channelActive(ChannelInboundHandlerAdapter.java:69) [netty-all-4.1.50.Final.jar:4.1.50.Final]
	at io.netty.channel.CombinedChannelDuplexHandler.channelActive(CombinedChannelDuplexHandler.java:211) [netty-all-4.1.50.Final.jar:4.1.50.Final]
	at io.netty.channel.AbstractChannelHandlerContext.invokeChannelActive(AbstractChannelHandlerContext.java:230) [netty-all-4.1.50.Final.jar:4.1.50.Final]
	at io.netty.channel.AbstractChannelHandlerContext.invokeChannelActive(AbstractChannelHandlerContext.java:216) [netty-all-4.1.50.Final.jar:4.1.50.Final]
	at io.netty.channel.AbstractChannelHandlerContext.fireChannelActive(AbstractChannelHandlerContext.java:209) [netty-all-4.1.50.Final.jar:4.1.50.Final]
	at io.netty.channel.DefaultChannelPipeline$HeadContext.channelActive(DefaultChannelPipeline.java:1398) [netty-all-4.1.50.Final.jar:4.1.50.Final]
	at io.netty.channel.AbstractChannelHandlerContext.invokeChannelActive(AbstractChannelHandlerContext.java:230) [netty-all-4.1.50.Final.jar:4.1.50.Final]
	at io.netty.channel.AbstractChannelHandlerContext.invokeChannelActive(AbstractChannelHandlerContext.java:216) [netty-all-4.1.50.Final.jar:4.1.50.Final]
	at io.netty.channel.DefaultChannelPipeline.fireChannelActive(DefaultChannelPipeline.java:895) [netty-all-4.1.50.Final.jar:4.1.50.Final]
	at io.netty.channel.nio.AbstractNioChannel$AbstractNioUnsafe.fulfillConnectPromise(AbstractNioChannel.java:305) [netty-all-4.1.50.Final.jar:4.1.50.Final]
	at io.netty.channel.nio.AbstractNioChannel$AbstractNioUnsafe.finishConnect(AbstractNioChannel.java:335) [netty-all-4.1.50.Final.jar:4.1.50.Final]
	at io.netty.channel.nio.NioEventLoop.processSelectedKey(NioEventLoop.java:702) [netty-all-4.1.50.Final.jar:4.1.50.Final]
	at io.netty.channel.nio.NioEventLoop.processSelectedKeysOptimized(NioEventLoop.java:650) [netty-all-4.1.50.Final.jar:4.1.50.Final]
	at io.netty.channel.nio.NioEventLoop.processSelectedKeys(NioEventLoop.java:576) [netty-all-4.1.50.Final.jar:4.1.50.Final]
	at io.netty.channel.nio.NioEventLoop.run(NioEventLoop.java:493) [netty-all-4.1.50.Final.jar:4.1.50.Final]
	at io.netty.util.concurrent.SingleThreadEventExecutor$4.run(SingleThreadEventExecutor.java:989) [netty-all-4.1.50.Final.jar:4.1.50.Final]
	at io.netty.util.internal.ThreadExecutorMap$2.run(ThreadExecutorMap.java:74) [netty-all-4.1.50.Final.jar:4.1.50.Final]
	at io.netty.util.concurrent.FastThreadLocalRunnable.run(FastThreadLocalRunnable.java:30) [netty-all-4.1.50.Final.jar:4.1.50.Final]
	at java.lang.Thread.run(Thread.java:748) [?:1.8.0_251]
